<?xml version="1.0" encoding="UTF-8"?>
<!-- Generated by org.testng.reporters.JUnitXMLReporter -->
<testsuite hostname="nagaraju-PC" name="Test" tests="4" failures="0" timestamp="3 Jun 2016 08:09:09 GMT" time="43.766" errors="0">
  <testcase name="a" time="0.022" classname="testNG.practies.selenium.Sample1"/>
  <testcase name="b" time="0.001" classname="testNG.practies.selenium.Sample1"/>
  <testcase name="testWebpage" time="27.17" classname="testNG.practies.selenium.HowtoFailaTestCase"/>
  <testcase name="validation" time="5.006" classname="testNG.practies.selenium.HardValidation"/>
</testsuite> <!-- Test -->
